{
  "RSpec": {
    "coverage": {
      "/projects/pair/app/controllers/comments_controller.rb": [
        1,
        1,
        null,
        null,
        1,
        1,
        null,
        null,
        null,
        1,
        null,
        null,
        null,
        1,
        1,
        null,
        null,
        null,
        1,
        null,
        null,
        null,
        1,
        0,
        0,
        0,
        null,
        0,
        0,
        null,
        0,
        null,
        null,
        null,
        null,
        1,
        0,
        0,
        0,
        0,
        null,
        0,
        null,
        null,
        null,
        null,
        1,
        2,
        2,
        2,
        0,
        null,
        null,
        1,
        null,
        1,
        4,
        null,
        null,
        null,
        1,
        0,
        null,
        null
      ],
      "/projects/pair/app/controllers/application_controller.rb": [
        1,
        null,
        null,
        1,
        1,
        null,
        1,
        null,
        1,
        0,
        0,
        0,
        null,
        null
      ],
      "/projects/pair/app/models/movie.rb": [
        null,
        null,
        null,
        null,
        null,
        null,
        null,
        null,
        null,
        null,
        null,
        null,
        null,
        null,
        1,
        1,
        1,
        null,
        null,
        null,
        null,
        1,
        0,
        0,
        null,
        0,
        0,
        null,
        null,
        null,
        1,
        0,
        0,
        null,
        0,
        0,
        null,
        null,
        null,
        1,
        0,
        0,
        null,
        0,
        0,
        null,
        null
      ],
      "/projects/pair/app/models/genre.rb": [
        null,
        null,
        null,
        null,
        null,
        null,
        null,
        null,
        null,
        null,
        1,
        1,
        null
      ],
      "/projects/pair/app/models/comment.rb": [
        1,
        null,
        null,
        null,
        null
      ],
      "/projects/pair/app/controllers/genres_controller.rb": [
        0,
        0,
        0,
        0,
        null,
        0,
        0,
        0,
        0
      ],
      "/projects/pair/app/controllers/home_controller.rb": [
        0,
        0,
        0
      ],
      "/projects/pair/app/controllers/movies_controller.rb": [
        0,
        0,
        null,
        0,
        0,
        0,
        null,
        0,
        0,
        0,
        0,
        0,
        0,
        null,
        0,
        0,
        0,
        null,
        0,
        0,
        0,
        0,
        0,
        null,
        0,
        0,
        0,
        0,
        0,
        0
      ],
      "/projects/pair/app/decorators/comment_decorator.rb": [
        0,
        0,
        null,
        null,
        null,
        null,
        null,
        null,
        null,
        null,
        null,
        null,
        0
      ],
      "/projects/pair/app/decorators/genre_decorator.rb": [
        0,
        0,
        0,
        null,
        0,
        0,
        0,
        0
      ],
      "/projects/pair/app/decorators/movie_decorator.rb": [
        0,
        0,
        null,
        0,
        0,
        0,
        0,
        0,
        0
      ],
      "/projects/pair/app/helpers/application_helper.rb": [
        0,
        0
      ],
      "/projects/pair/app/helpers/comments_helper.rb": [
        0,
        0
      ],
      "/projects/pair/app/mailers/application_mailer.rb": [
        0,
        0,
        0,
        0
      ],
      "/projects/pair/app/mailers/movie_export_mailer.rb": [
        0,
        0,
        0,
        0,
        0,
        0
      ],
      "/projects/pair/app/mailers/movie_info_mailer.rb": [
        0,
        0,
        0,
        0,
        0,
        0,
        0
      ],
      "/projects/pair/app/models/application_record.rb": [
        0,
        0,
        0
      ],
      "/projects/pair/app/models/user.rb": [
        null,
        null,
        null,
        null,
        null,
        null,
        null,
        null,
        null,
        null,
        null,
        null,
        null,
        null,
        null,
        null,
        null,
        null,
        null,
        0,
        null,
        null,
        0,
        0,
        null,
        0,
        0,
        0
      ],
      "/projects/pair/app/services/movie_exporter.rb": [
        0,
        null,
        0,
        0,
        0,
        0,
        0,
        0,
        0,
        0,
        0,
        0,
        null,
        0,
        null,
        0,
        0,
        0,
        0,
        0,
        0,
        0,
        0
      ]
    },
    "timestamp": 1568821118
  }
}
